<?xml version="1.0" encoding="UTF-8"?>
<!-- Generated by org.testng.reporters.JUnitReportReporter -->
<testsuite skipped="0" hostname="DESKTOP-0PPIB21" name="com.courses.ultimateqa.loginTest" tests="2" failures="0" timestamp="2021-03-21T19:22:03 IST" time="13.418" errors="0">
  <testcase name="loginTest" time="8.510" classname="com.courses.ultimateqa.loginTest"/>
  <system-out/>
  <testcase name="logoutTest" time="4.908" classname="com.courses.ultimateqa.loginTest"/>
  <system-out/>
</testsuite> <!-- com.courses.ultimateqa.loginTest -->
